D:\MYGIT\KD_PROJECT1027X\CSG_DEBUG\KD_PROJECT.EXE
D:\MYGIT\KD_PROJECT1027X\CSG_DEBUG\KD_PROJECT.ILK
D:\MYGIT\KD_PROJECT1027X\CSG_DEBUG\KD_PROJECT.PDB
D:\MYGIT\KD_PROJECT1027X\KD_PROJECT\CSG_DEBUG\ACCESSDATA.OBJ
D:\MYGIT\KD_PROJECT1027X\KD_PROJECT\CSG_DEBUG\ADDMACTEST.OBJ
D:\MYGIT\KD_PROJECT1027X\KD_PROJECT\CSG_DEBUG\APDUDATA.OBJ
D:\MYGIT\KD_PROJECT1027X\KD_PROJECT\CSG_DEBUG\CDTL2007.OBJ
D:\MYGIT\KD_PROJECT1027X\KD_PROJECT\CSG_DEBUG\CDTL645.OBJ
D:\MYGIT\KD_PROJECT1027X\KD_PROJECT\CSG_DEBUG\CHILDFRM.OBJ
D:\MYGIT\KD_PROJECT1027X\KD_PROJECT\CSG_DEBUG\CKQ2017.OBJ
D:\MYGIT\KD_PROJECT1027X\KD_PROJECT\CSG_DEBUG\CKQTABVIEWTPSHOW.OBJ
D:\MYGIT\KD_PROJECT1027X\KD_PROJECT\CSG_DEBUG\CKQVIEWCONFIG.OBJ
D:\MYGIT\KD_PROJECT1027X\KD_PROJECT\CSG_DEBUG\CKQVIEWERRTAB.OBJ
D:\MYGIT\KD_PROJECT1027X\KD_PROJECT\CSG_DEBUG\CKQVIEWTABERRMET.OBJ
D:\MYGIT\KD_PROJECT1027X\KD_PROJECT\CSG_DEBUG\CKQVIEWTABERRMOD.OBJ
D:\MYGIT\KD_PROJECT1027X\KD_PROJECT\CSG_DEBUG\CKQVIEWTPSHOWOLDDATA.OBJ
D:\MYGIT\KD_PROJECT1027X\KD_PROJECT\CSG_DEBUG\CKQVIEWUPDATA.OBJ
D:\MyGit\KD_Project1027x\KD_Project\CSG_Debug\cl.command.1.tlog
D:\MyGit\KD_Project1027x\KD_Project\CSG_Debug\CL.read.1.tlog
D:\MyGit\KD_Project1027x\KD_Project\CSG_Debug\CL.write.1.tlog
D:\MYGIT\KD_PROJECT1027X\KD_PROJECT\CSG_DEBUG\CMDEDIT.OBJ
D:\MYGIT\KD_PROJECT1027X\KD_PROJECT\CSG_DEBUG\CMYBUTTON.OBJ
D:\MYGIT\KD_PROJECT1027X\KD_PROJECT\CSG_DEBUG\CSERBUF_LOOPRCV.OBJ
D:\MYGIT\KD_PROJECT1027X\KD_PROJECT\CSG_DEBUG\CSG13762.OBJ
D:\MYGIT\KD_PROJECT1027X\KD_PROJECT\CSG_DEBUG\DISPLAYDATA.OBJ
D:\MYGIT\KD_PROJECT1027X\KD_PROJECT\CSG_DEBUG\DLG13762FRAME.OBJ
D:\MYGIT\KD_PROJECT1027X\KD_PROJECT\CSG_DEBUG\DLG13762UPDATACONFIG.OBJ
D:\MYGIT\KD_PROJECT1027X\KD_PROJECT\CSG_DEBUG\DLGADDRESS.OBJ
D:\MYGIT\KD_PROJECT1027X\KD_PROJECT\CSG_DEBUG\DLGCCOTPCHANGE.OBJ
D:\MYGIT\KD_PROJECT1027X\KD_PROJECT\CSG_DEBUG\DLGCKQUPDATATIME.OBJ
D:\MYGIT\KD_PROJECT1027X\KD_PROJECT\CSG_DEBUG\DLGCONNECTION.OBJ
D:\MYGIT\KD_PROJECT1027X\KD_PROJECT\CSG_DEBUG\DLGEXTSTADEVSTATUS.OBJ
D:\MYGIT\KD_PROJECT1027X\KD_PROJECT\CSG_DEBUG\DLGEXTSTAVERSION.OBJ
D:\MYGIT\KD_PROJECT1027X\KD_PROJECT\CSG_DEBUG\DLGNETTP.OBJ
D:\MYGIT\KD_PROJECT1027X\KD_PROJECT\CSG_DEBUG\DLGOLDTPMESSAGE.OBJ
D:\MYGIT\KD_PROJECT1027X\KD_PROJECT\CSG_DEBUG\DLGSAVEDEBUGINFO.OBJ
D:\MYGIT\KD_PROJECT1027X\KD_PROJECT\CSG_DEBUG\DLGSAVENODEINFO.OBJ
D:\MYGIT\KD_PROJECT1027X\KD_PROJECT\CSG_DEBUG\DLGSELECT.OBJ
D:\MYGIT\KD_PROJECT1027X\KD_PROJECT\CSG_DEBUG\DLGTONGJINODE.OBJ
D:\MYGIT\KD_PROJECT1027X\KD_PROJECT\CSG_DEBUG\DLGXYDATA.OBJ
D:\MYGIT\KD_PROJECT1027X\KD_PROJECT\CSG_DEBUG\DLT698_45.OBJ
D:\MYGIT\KD_PROJECT1027X\KD_PROJECT\CSG_DEBUG\FORM698.OBJ
D:\MYGIT\KD_PROJECT1027X\KD_PROJECT\CSG_DEBUG\FORMTABVIEW1.OBJ
D:\MYGIT\KD_PROJECT1027X\KD_PROJECT\CSG_DEBUG\FRAME3762.OBJ
D:\MYGIT\KD_PROJECT1027X\KD_PROJECT\CSG_DEBUG\FRAMESETNET.OBJ
D:\MYGIT\KD_PROJECT1027X\KD_PROJECT\CSG_DEBUG\FRAMESHOWWND.OBJ
D:\MYGIT\KD_PROJECT1027X\KD_PROJECT\CSG_DEBUG\FVIEW3762.OBJ
D:\MYGIT\KD_PROJECT1027X\KD_PROJECT\CSG_DEBUG\GLOBALVAR.OBJ
D:\MYGIT\KD_PROJECT1027X\KD_PROJECT\CSG_DEBUG\GPUBLICOBJECT.OBJ
D:\MYGIT\KD_PROJECT1027X\KD_PROJECT\CSG_DEBUG\GW13762.OBJ
D:\MYGIT\KD_PROJECT1027X\KD_PROJECT\CSG_DEBUG\KD_PROJECT.EXE.EMBED.MANIFEST
D:\MYGIT\KD_PROJECT1027X\KD_PROJECT\CSG_DEBUG\KD_PROJECT.EXE.EMBED.MANIFEST.RES
D:\MYGIT\KD_PROJECT1027X\KD_PROJECT\CSG_DEBUG\KD_PROJECT.EXE.INTERMEDIATE.MANIFEST
D:\MYGIT\KD_PROJECT1027X\KD_PROJECT\CSG_DEBUG\KD_PROJECT.OBJ
D:\MYGIT\KD_PROJECT1027X\KD_PROJECT\CSG_DEBUG\KD_PROJECT.PCH
D:\MYGIT\KD_PROJECT1027X\KD_PROJECT\CSG_DEBUG\KD_PROJECT.RES
D:\MyGit\KD_Project1027x\KD_Project\CSG_Debug\KD_Project.vcxprojResolveAssemblyReference.cache
D:\MyGit\KD_Project1027x\KD_Project\CSG_Debug\KD_Project.write.1.tlog
D:\MyGit\KD_Project1027x\KD_Project\CSG_Debug\KD_Project_manifest.rc
D:\MYGIT\KD_PROJECT1027X\KD_PROJECT\CSG_DEBUG\KD_PROJECTDOC.OBJ
D:\MYGIT\KD_PROJECT1027X\KD_PROJECT\CSG_DEBUG\KD_PROJECTVIEW.OBJ
D:\MyGit\KD_Project1027x\KD_Project\CSG_Debug\link.command.1.tlog
D:\MyGit\KD_Project1027x\KD_Project\CSG_Debug\link.read.1.tlog
D:\MyGit\KD_Project1027x\KD_Project\CSG_Debug\link.write.1.tlog
D:\MyGit\KD_Project1027x\KD_Project\CSG_Debug\link-cvtres.read.1.tlog
D:\MyGit\KD_Project1027x\KD_Project\CSG_Debug\link-cvtres.write.1.tlog
D:\MYGIT\KD_PROJECT1027X\KD_PROJECT\CSG_DEBUG\LOGFILE.OBJ
D:\MYGIT\KD_PROJECT1027X\KD_PROJECT\CSG_DEBUG\MAINFRM.OBJ
D:\MYGIT\KD_PROJECT1027X\KD_PROJECT\CSG_DEBUG\MAINTESTDOC.OBJ
D:\MYGIT\KD_PROJECT1027X\KD_PROJECT\CSG_DEBUG\MAINTESTFRAME.OBJ
D:\MYGIT\KD_PROJECT1027X\KD_PROJECT\CSG_DEBUG\MIDNETFORM.OBJ
D:\MyGit\KD_Project1027x\KD_Project\CSG_Debug\msado60.tlh
D:\MyGit\KD_Project1027x\KD_Project\CSG_Debug\msado60.tli
D:\MyGit\KD_Project1027x\KD_Project\CSG_Debug\msadox.tlh
D:\MyGit\KD_Project1027x\KD_Project\CSG_Debug\msadox.tli
D:\MYGIT\KD_PROJECT1027X\KD_PROJECT\CSG_DEBUG\MSDU2017.OBJ
D:\MyGit\KD_Project1027x\KD_Project\CSG_Debug\mt.command.1.tlog
D:\MyGit\KD_Project1027x\KD_Project\CSG_Debug\mt.read.1.tlog
D:\MyGit\KD_Project1027x\KD_Project\CSG_Debug\mt.write.1.tlog
D:\MYGIT\KD_PROJECT1027X\KD_PROJECT\CSG_DEBUG\MYFRAMEMSGTABCTRL.OBJ
D:\MYGIT\KD_PROJECT1027X\KD_PROJECT\CSG_DEBUG\MYFUNLIB.OBJ
D:\MYGIT\KD_PROJECT1027X\KD_PROJECT\CSG_DEBUG\MYLISTCTRL.OBJ
D:\MYGIT\KD_PROJECT1027X\KD_PROJECT\CSG_DEBUG\NETVIEWPTOP.OBJ
D:\MYGIT\KD_PROJECT1027X\KD_PROJECT\CSG_DEBUG\NETVIEWREPEAT.OBJ
D:\MYGIT\KD_PROJECT1027X\KD_PROJECT\CSG_DEBUG\NETVIEWTPSHOW.OBJ
D:\MYGIT\KD_PROJECT1027X\KD_PROJECT\CSG_DEBUG\PHASEVALUE698.OBJ
D:\MyGit\KD_Project1027x\KD_Project\CSG_Debug\rc.command.1.tlog
D:\MyGit\KD_Project1027x\KD_Project\CSG_Debug\rc.read.1.tlog
D:\MyGit\KD_Project1027x\KD_Project\CSG_Debug\rc.write.1.tlog
D:\MYGIT\KD_PROJECT1027X\KD_PROJECT\CSG_DEBUG\RIGHTTABVIEW.OBJ
D:\MYGIT\KD_PROJECT1027X\KD_PROJECT\CSG_DEBUG\SETWRITEDATADLG.OBJ
D:\MYGIT\KD_PROJECT1027X\KD_PROJECT\CSG_DEBUG\SETWRITELOOPNUB.OBJ
D:\MYGIT\KD_PROJECT1027X\KD_PROJECT\CSG_DEBUG\SIMJZQ.OBJ
D:\MYGIT\KD_PROJECT1027X\KD_PROJECT\CSG_DEBUG\SIMMETER.OBJ
D:\MYGIT\KD_PROJECT1027X\KD_PROJECT\CSG_DEBUG\STDAFX.OBJ
D:\MYGIT\KD_PROJECT1027X\KD_PROJECT\CSG_DEBUG\TOOLS.OBJ
D:\MYGIT\KD_PROJECT1027X\KD_PROJECT\CSG_DEBUG\TPDLGJDMSG.OBJ
D:\MYGIT\KD_PROJECT1027X\KD_PROJECT\CSG_DEBUG\TPDLGSHOWEXPLIAN.OBJ
D:\MYGIT\KD_PROJECT1027X\KD_PROJECT\CSG_DEBUG\TPSHOWFINDLIST.OBJ
D:\MyGit\KD_Project1027x\KD_Project\CSG_Debug\vc100.idb
D:\MYGIT\KD_PROJECT1027X\KD_PROJECT\CSG_DEBUG\VC100.PDB
D:\MYGIT\KD_PROJECT1027X\KD_PROJECT\CSG_DEBUG\VIEW698.OBJ
D:\MYGIT\KD_PROJECT1027X\KD_PROJECT\CSG_DEBUG\VIEWLETTREE.OBJ
