生成启动时间为 18.1.11 17:43:51。
     1>项目“D:\抄控器2.0程序\KD_ProjectV2.0_180104\KD_ProjectV2.0\KD_Project.vcxproj”在节点 2 上(build 个目标)。
       项目文件包含 ToolsVersion="12.0"。此工具集可能未知或缺失。在这种情况下，通过安装 MSBuild 的正确版本，或许可以解决此问题。否则，该 build 可能已因策略原因而被强制为某个特定 ToolsVersion。将该项目视为其已具有 ToolsVersion="4.0"。有关详细信息，请参阅 http://go.microsoft.com/fwlink/?LinkId=291333。
     1>InitializeBuildStatus:
         正在创建“CSG_Debug\KD_Project.unsuccessfulbuild”，因为已指定“AlwaysCreate”。
       ClCompile:
         所有输出均为最新。
         所有输出均为最新。
       ResourceCompile:
         所有输出均为最新。
       ManifestResourceCompile:
         所有输出均为最新。
       Link:
         所有输出均为最新。
       Manifest:
         C:\Program Files (x86)\Microsoft SDKs\Windows\v7.0A\bin\mt.exe /nologo /verbose /out:"CSG_Debug\KD_Project.exe.embed.manifest" /manifest CSG_Debug\KD_Project.exe.intermediate.manifest "D:\Program Files (x86)\Microsoft Visual Studio 10.0\VC\Include\Manifest\dpiaware.manifest"
         所有输出均为最新。
       FinalizeBuildStatus:
         正在删除文件“CSG_Debug\KD_Project.unsuccessfulbuild”。
         正在对“CSG_Debug\KD_Project.lastbuildstate”执行 Touch 任务。
     1>已完成生成项目“D:\抄控器2.0程序\KD_ProjectV2.0_180104\KD_ProjectV2.0\KD_Project.vcxproj”(build 个目标)的操作。

生成成功。

已用时间 00:00:00.18
